[1121/191741.384:ERROR:process_memory_win.cc(73)] ReadMemory at 0x7ff742300000 of 64 bytes failed: 仅完成部分的 ReadProcessMemory 或 WriteProcessMemory 请求。 (0x12B)
[1121/191741.387:WARNING:pe_image_reader.cc(340)] could not read dos header from C:\Program Files (x86)\Google\Chrome\Application\chrome.exe
[1121/191741.387:ERROR:process_memory_win.cc(73)] ReadMemory at 0x7ffc17120000 of 64 bytes failed: 仅完成部分的 ReadProcessMemory 或 WriteProcessMemory 请求。 (0x12B)
[1121/191741.387:WARNING:pe_image_reader.cc(340)] could not read dos header from C:\WINDOWS\SYSTEM32\ntdll.dll
[1121/191741.387:ERROR:process_memory_win.cc(73)] ReadMemory at 0x7ffc160c0000 of 64 bytes failed: 仅完成部分的 ReadProcessMemory 或 WriteProcessMemory 请求。 (0x12B)
[1121/191741.387:WARNING:pe_image_reader.cc(340)] could not read dos header from C:\WINDOWS\System32\KERNEL32.DLL
[1121/191741.387:ERROR:process_memory_win.cc(73)] ReadMemory at 0x7ffc14df0000 of 64 bytes failed: 仅完成部分的 ReadProcessMemory 或 WriteProcessMemory 请求。 (0x12B)
[1121/191741.387:WARNING:pe_image_reader.cc(340)] could not read dos header from C:\WINDOWS\System32\KERNELBASE.dll
[1121/191741.387:ERROR:process_memory_win.cc(73)] ReadMemory at 0x7ffbf0880000 of 64 bytes failed: 仅完成部分的 ReadProcessMemory 或 WriteProcessMemory 请求。 (0x12B)
[1121/191741.387:WARNING:pe_image_reader.cc(340)] could not read dos header from C:\Program Files (x86)\Google\Chrome\Application\78.0.3904.97\chrome_elf.dll
[1121/191741.387:ERROR:process_memory_win.cc(73)] ReadMemory at 0x7ffc0d7f0000 of 64 bytes failed: 仅完成部分的 ReadProcessMemory 或 WriteProcessMemory 请求。 (0x12B)
[1121/191741.387:WARNING:pe_image_reader.cc(340)] could not read dos header from C:\WINDOWS\SYSTEM32\VERSION.dll
[1121/191741.387:ERROR:process_memory_win.cc(73)] ReadMemory at 0x7ffc15770000 of 64 bytes failed: 仅完成部分的 ReadProcessMemory 或 WriteProcessMemory 请求。 (0x12B)
[1121/191741.387:WARNING:pe_image_reader.cc(340)] could not read dos header from C:\WINDOWS\System32\msvcrt.dll
[1121/191741.387:ERROR:process_memory_win.cc(73)] ReadMemory at 0x7ffc14860000 of 64 bytes failed: 仅完成部分的 ReadProcessMemory 或 WriteProcessMemory 请求。 (0x12B)
[1121/191741.387:WARNING:pe_image_reader.cc(340)] could not read dos header from C:\WINDOWS\System32\bcryptPrimitives.dll
[1121/191741.387:ERROR:process_memory_win.cc(73)] ReadMemory at 0x7ffc16010000 of 64 bytes failed: 仅完成部分的 ReadProcessMemory 或 WriteProcessMemory 请求。 (0x12B)
[1121/191741.387:WARNING:pe_image_reader.cc(340)] could not read dos header from C:\WINDOWS\System32\ADVAPI32.dll
[1121/191741.387:ERROR:process_memory_win.cc(73)] ReadMemory at 0x7ffc159a0000 of 64 bytes failed: 仅完成部分的 ReadProcessMemory 或 WriteProcessMemory 请求。 (0x12B)
[1121/191741.387:WARNING:pe_image_reader.cc(340)] could not read dos header from C:\WINDOWS\System32\sechost.dll
[1121/191741.387:ERROR:process_memory_win.cc(73)] ReadMemory at 0x7ffc15810000 of 64 bytes failed: 仅完成部分的 ReadProcessMemory 或 WriteProcessMemory 请求。 (0x12B)
[1121/191741.387:WARNING:pe_image_reader.cc(340)] could not read dos header from C:\WINDOWS\System32\RPCRT4.dll
[1121/191741.387:ERROR:process_memory_win.cc(73)] ReadMemory at 0x7ffbcbb80000 of 64 bytes failed: 仅完成部分的 ReadProcessMemory 或 WriteProcessMemory 请求。 (0x12B)
[1121/191741.387:WARNING:pe_image_reader.cc(340)] could not read dos header from C:\Program Files (x86)\Google\Chrome\Application\78.0.3904.97\chrome_child.dll
[1121/191741.387:ERROR:process_memory_win.cc(73)] ReadMemory at 0x7ffc16840000 of 64 bytes failed: 仅完成部分的 ReadProcessMemory 或 WriteProcessMemory 请求。 (0x12B)
[1121/191741.387:WARNING:pe_image_reader.cc(340)] could not read dos header from C:\WINDOWS\System32\OLEAUT32.dll
[1121/191741.387:ERROR:process_memory_win.cc(73)] ReadMemory at 0x7ffc150a0000 of 64 bytes failed: 仅完成部分的 ReadProcessMemory 或 WriteProcessMemory 请求。 (0x12B)
[1121/191741.387:WARNING:pe_image_reader.cc(340)] could not read dos header from C:\WINDOWS\System32\msvcp_win.dll
[1121/191741.387:ERROR:process_memory_win.cc(73)] ReadMemory at 0x7ffc148e0000 of 64 bytes failed: 仅完成部分的 ReadProcessMemory 或 WriteProcessMemory 请求。 (0x12B)
[1121/191741.387:WARNING:pe_image_reader.cc(340)] could not read dos header from C:\WINDOWS\System32\ucrtbase.dll
[1121/191741.387:ERROR:process_memory_win.cc(73)] ReadMemory at 0x26a3f2a0000 of 64 bytes failed: 仅完成部分的 ReadProcessMemory 或 WriteProcessMemory 请求。 (0x12B)
[1121/191741.388:WARNING:pe_image_reader.cc(340)] could not read dos header from C:\WINDOWS\System32\combase.dll
[1121/191741.388:ERROR:process_memory_win.cc(73)] ReadMemory at 0x7ffc15a40000 of 64 bytes failed: 仅完成部分的 ReadProcessMemory 或 WriteProcessMemory 请求。 (0x12B)
[1121/191741.388:WARNING:pe_image_reader.cc(340)] could not read dos header from C:\WINDOWS\System32\WS2_32.dll
[1121/191741.388:ERROR:process_memory_win.cc(73)] ReadMemory at 0x7ffc15170000 of 64 bytes failed: 仅完成部分的 ReadProcessMemory 或 WriteProcessMemory 请求。 (0x12B)
[1121/191741.388:WARNING:pe_image_reader.cc(340)] could not read dos header from C:\WINDOWS\System32\WINTRUST.dll
[1121/191741.388:ERROR:process_memory_win.cc(73)] ReadMemory at 0x7ffc14000000 of 64 bytes failed: 仅完成部分的 ReadProcessMemory 或 WriteProcessMemory 请求。 (0x12B)
[1121/191741.388:WARNING:pe_image_reader.cc(340)] could not read dos header from C:\WINDOWS\System32\MSASN1.dll
[1121/191741.388:ERROR:process_memory_win.cc(73)] ReadMemory at 0x7ffc14a30000 of 64 bytes failed: 仅完成部分的 ReadProcessMemory 或 WriteProcessMemory 请求。 (0x12B)
[1121/191741.388:WARNING:pe_image_reader.cc(340)] could not read dos header from C:\WINDOWS\System32\CRYPT32.dll
[1121/191741.388:ERROR:process_memory_win.cc(73)] ReadMemory at 0x7ffc13510000 of 64 bytes failed: 仅完成部分的 ReadProcessMemory 或 WriteProcessMemory 请求。 (0x12B)
[1121/191741.388:WARNING:pe_image_reader.cc(340)] could not read dos header from C:\WINDOWS\SYSTEM32\IPHLPAPI.DLL
[1121/191741.388:ERROR:process_memory_win.cc(73)] ReadMemory at 0x7ffc0b140000 of 64 bytes failed: 仅完成部分的 ReadProcessMemory 或 WriteProcessMemory 请求。 (0x12B)
[1121/191741.388:WARNING:pe_image_reader.cc(340)] could not read dos header from C:\WINDOWS\SYSTEM32\WINMM.dll
[1121/191741.388:ERROR:process_memory_win.cc(73)] ReadMemory at 0x7ffc13f10000 of 64 bytes failed: 仅完成部分的 ReadProcessMemory 或 WriteProcessMemory 请求。 (0x12B)
[1121/191741.388:WARNING:pe_image_reader.cc(340)] could not read dos header from C:\WINDOWS\SYSTEM32\USERENV.dll
[1121/191741.388:ERROR:process_memory_win.cc(73)] ReadMemory at 0x7ffc14040000 of 64 bytes failed: 仅完成部分的 ReadProcessMemory 或 WriteProcessMemory 请求。 (0x12B)
[1121/191741.388:WARNING:pe_image_reader.cc(340)] could not read dos header from C:\WINDOWS\System32\profapi.dll
[1121/191741.388:ERROR:process_memory_win.cc(73)] ReadMemory at 0x7ffbfefe0000 of 64 bytes failed: 仅完成部分的 ReadProcessMemory 或 WriteProcessMemory 请求。 (0x12B)
[1121/191741.388:WARNING:pe_image_reader.cc(340)] could not read dos header from C:\WINDOWS\SYSTEM32\DWrite.dll
[1121/191741.388:ERROR:process_memory_win.cc(73)] ReadMemory at 0x7ffc020a0000 of 64 bytes failed: 仅完成部分的 ReadProcessMemory 或 WriteProcessMemory 请求。 (0x12B)
[1121/191741.388:WARNING:pe_image_reader.cc(340)] could not read dos header from C:\WINDOWS\SYSTEM32\WINSPOOL.DRV
[1121/191741.388:ERROR:process_memory_win.cc(73)] ReadMemory at 0x7ffc14020000 of 64 bytes failed: 仅完成部分的 ReadProcessMemory 或 WriteProcessMemory 请求。 (0x12B)
[1121/191741.388:WARNING:pe_image_reader.cc(340)] could not read dos header from C:\WINDOWS\System32\kernel.appcore.dll
[1121/191741.388:ERROR:process_memory_win.cc(73)] ReadMemory at 0x7ffc15140000 of 64 bytes failed: 仅完成部分的 ReadProcessMemory 或 WriteProcessMemory 请求。 (0x12B)
[1121/191741.388:WARNING:pe_image_reader.cc(340)] could not read dos header from C:\WINDOWS\System32\bcrypt.dll
[1121/191741.388:ERROR:process_memory_win.cc(73)] ReadMemory at 0x7ffc12930000 of 64 bytes failed: 仅完成部分的 ReadProcessMemory 或 WriteProcessMemory 请求。 (0x12B)
[1121/191741.388:WARNING:pe_image_reader.cc(340)] could not read dos header from C:\WINDOWS\SYSTEM32\dbghelp.dll
[1121/191741.388:ERROR:process_memory_win.cc(73)] ReadMemory at 0x7ffc02e60000 of 64 bytes failed: 仅完成部分的 ReadProcessMemory 或 WriteProcessMemory 请求。 (0x12B)
[1121/191741.388:WARNING:pe_image_reader.cc(340)] could not read dos header from C:\WINDOWS\SYSTEM32\Secur32.dll
[1121/191741.388:ERROR:process_memory_win.cc(73)] ReadMemory at 0x7ffc0a440000 of 64 bytes failed: 仅完成部分的 ReadProcessMemory 或 WriteProcessMemory 请求。 (0x12B)
[1121/191741.388:WARNING:pe_image_reader.cc(340)] could not read dos header from C:\WINDOWS\SYSTEM32\WINHTTP.dll
[1121/191741.388:ERROR:process_memory_win.cc(73)] ReadMemory at 0x7ffc0e020000 of 64 bytes failed: 仅完成部分的 ReadProcessMemory 或 WriteProcessMemory 请求。 (0x12B)
[1121/191741.388:WARNING:pe_image_reader.cc(340)] could not read dos header from C:\WINDOWS\SYSTEM32\dhcpcsvc.DLL
[1121/191741.388:ERROR:process_memory_win.cc(73)] ReadMemory at 0x7ffc15520000 of 64 bytes failed: 仅完成部分的 ReadProcessMemory 或 WriteProcessMemory 请求。 (0x12B)
[1121/191741.388:WARNING:pe_image_reader.cc(340)] could not read dos header from C:\WINDOWS\System32\NSI.dll
[1121/191741.388:ERROR:process_memory_win.cc(73)] ReadMemory at 0x7ffc0b180000 of 64 bytes failed: 仅完成部分的 ReadProcessMemory 或 WriteProcessMemory 请求。 (0x12B)
[1121/191741.388:WARNING:pe_image_reader.cc(340)] could not read dos header from C:\WINDOWS\SYSTEM32\WINMMBASE.dll
[1121/191741.388:ERROR:process_memory_win.cc(73)] ReadMemory at 0x7ffc149e0000 of 64 bytes failed: 仅完成部分的 ReadProcessMemory 或 WriteProcessMemory 请求。 (0x12B)
[1121/191741.388:WARNING:pe_image_reader.cc(340)] could not read dos header from C:\WINDOWS\System32\cfgmgr32.dll
[1121/191741.388:ERROR:process_memory_win.cc(73)] ReadMemory at 0x7ffc11f20000 of 64 bytes failed: 仅完成部分的 ReadProcessMemory 或 WriteProcessMemory 请求。 (0x12B)
[1121/191741.388:WARNING:pe_image_reader.cc(340)] could not read dos header from C:\WINDOWS\SYSTEM32\PROPSYS.dll
[1121/191741.388:ERROR:process_memory_win.cc(73)] ReadMemory at 0x7ffc16770000 of 64 bytes failed: 仅完成部分的 ReadProcessMemory 或 WriteProcessMemory 请求。 (0x12B)
[1121/191741.388:WARNING:pe_image_reader.cc(340)] could not read dos header from C:\WINDOWS\System32\shcore.dll
[1121/191741.388:ERROR:process_memory_win.cc(73)] ReadMemory at 0x7ffc13ee0000 of 64 bytes failed: 仅完成部分的 ReadProcessMemory 或 WriteProcessMemory 请求。 (0x12B)
[1121/191741.388:WARNING:pe_image_reader.cc(340)] could not read dos header from C:\WINDOWS\SYSTEM32\SSPICLI.DLL
[1121/191741.388:ERROR:process_memory_win.cc(73)] ReadMemory at 0x7ffc139d0000 of 64 bytes failed: 仅完成部分的 ReadProcessMemory 或 WriteProcessMemory 请求。 (0x12B)
[1121/191741.388:WARNING:pe_image_reader.cc(340)] could not read dos header from C:\WINDOWS\SYSTEM32\CRYPTBASE.DLL
[1121/191741.388:ERROR:process_memory_win.cc(73)] ReadMemory at 0x7ff742300000 of 64 bytes failed: 仅完成部分的 ReadProcessMemory 或 WriteProcessMemory 请求。 (0x12B)
[1121/191741.388:WARNING:pe_image_reader.cc(340)] could not read dos header from C:\Program Files (x86)\Google\Chrome\Application\chrome.exe
[1121/191741.388:ERROR:process_memory_win.cc(73)] ReadMemory at 0x7ffc17120000 of 64 bytes failed: 仅完成部分的 ReadProcessMemory 或 WriteProcessMemory 请求。 (0x12B)
[1121/191741.388:WARNING:pe_image_reader.cc(340)] could not read dos header from C:\WINDOWS\SYSTEM32\ntdll.dll
[1121/191741.388:ERROR:process_memory_win.cc(73)] ReadMemory at 0x7ffc160c0000 of 64 bytes failed: 仅完成部分的 ReadProcessMemory 或 WriteProcessMemory 请求。 (0x12B)
[1121/191741.388:WARNING:pe_image_reader.cc(340)] could not read dos header from C:\WINDOWS\System32\KERNEL32.DLL
[1121/191741.389:ERROR:process_memory_win.cc(73)] ReadMemory at 0x7ffc14df0000 of 64 bytes failed: 仅完成部分的 ReadProcessMemory 或 WriteProcessMemory 请求。 (0x12B)
[1121/191741.389:WARNING:pe_image_reader.cc(340)] could not read dos header from C:\WINDOWS\System32\KERNELBASE.dll
[1121/191741.389:ERROR:process_memory_win.cc(73)] ReadMemory at 0x7ffbf0880000 of 64 bytes failed: 仅完成部分的 ReadProcessMemory 或 WriteProcessMemory 请求。 (0x12B)
[1121/191741.389:WARNING:pe_image_reader.cc(340)] could not read dos header from C:\Program Files (x86)\Google\Chrome\Application\78.0.3904.97\chrome_elf.dll
[1121/191741.389:ERROR:process_memory_win.cc(73)] ReadMemory at 0x7ffc0d7f0000 of 64 bytes failed: 仅完成部分的 ReadProcessMemory 或 WriteProcessMemory 请求。 (0x12B)
[1121/191741.389:WARNING:pe_image_reader.cc(340)] could not read dos header from C:\WINDOWS\SYSTEM32\VERSION.dll
[1121/191741.389:ERROR:process_memory_win.cc(73)] ReadMemory at 0x7ffc15770000 of 64 bytes failed: 仅完成部分的 ReadProcessMemory 或 WriteProcessMemory 请求。 (0x12B)
[1121/191741.389:WARNING:pe_image_reader.cc(340)] could not read dos header from C:\WINDOWS\System32\msvcrt.dll
[1121/191741.389:ERROR:process_memory_win.cc(73)] ReadMemory at 0x7ffc14860000 of 64 bytes failed: 仅完成部分的 ReadProcessMemory 或 WriteProcessMemory 请求。 (0x12B)
[1121/191741.389:WARNING:pe_image_reader.cc(340)] could not read dos header from C:\WINDOWS\System32\bcryptPrimitives.dll
[1121/191741.389:ERROR:process_memory_win.cc(73)] ReadMemory at 0x7ffc16010000 of 64 bytes failed: 仅完成部分的 ReadProcessMemory 或 WriteProcessMemory 请求。 (0x12B)
[1121/191741.389:WARNING:pe_image_reader.cc(340)] could not read dos header from C:\WINDOWS\System32\ADVAPI32.dll
[1121/191741.389:ERROR:process_memory_win.cc(73)] ReadMemory at 0x7ffc159a0000 of 64 bytes failed: 仅完成部分的 ReadProcessMemory 或 WriteProcessMemory 请求。 (0x12B)
[1121/191741.389:WARNING:pe_image_reader.cc(340)] could not read dos header from C:\WINDOWS\System32\sechost.dll
[1121/191741.389:ERROR:process_memory_win.cc(73)] ReadMemory at 0x7ffc15810000 of 64 bytes failed: 仅完成部分的 ReadProcessMemory 或 WriteProcessMemory 请求。 (0x12B)
[1121/191741.389:WARNING:pe_image_reader.cc(340)] could not read dos header from C:\WINDOWS\System32\RPCRT4.dll
[1121/191741.389:ERROR:process_memory_win.cc(73)] ReadMemory at 0x7ffbcbb80000 of 64 bytes failed: 仅完成部分的 ReadProcessMemory 或 WriteProcessMemory 请求。 (0x12B)
[1121/191741.389:WARNING:pe_image_reader.cc(340)] could not read dos header from C:\Program Files (x86)\Google\Chrome\Application\78.0.3904.97\chrome_child.dll
[1121/191741.389:ERROR:process_memory_win.cc(73)] ReadMemory at 0x7ffc16840000 of 64 bytes failed: 仅完成部分的 ReadProcessMemory 或 WriteProcessMemory 请求。 (0x12B)
[1121/191741.389:WARNING:pe_image_reader.cc(340)] could not read dos header from C:\WINDOWS\System32\OLEAUT32.dll
[1121/191741.389:ERROR:process_memory_win.cc(73)] ReadMemory at 0x7ffc150a0000 of 64 bytes failed: 仅完成部分的 ReadProcessMemory 或 WriteProcessMemory 请求。 (0x12B)
[1121/191741.389:WARNING:pe_image_reader.cc(340)] could not read dos header from C:\WINDOWS\System32\msvcp_win.dll
[1121/191741.389:ERROR:process_memory_win.cc(73)] ReadMemory at 0x7ffc148e0000 of 64 bytes failed: 仅完成部分的 ReadProcessMemory 或 WriteProcessMemory 请求。 (0x12B)
[1121/191741.389:WARNING:pe_image_reader.cc(340)] could not read dos header from C:\WINDOWS\System32\ucrtbase.dll
[1121/191741.389:ERROR:process_memory_win.cc(73)] ReadMemory at 0x26a3f2a0000 of 64 bytes failed: 仅完成部分的 ReadProcessMemory 或 WriteProcessMemory 请求。 (0x12B)
[1121/191741.389:WARNING:pe_image_reader.cc(340)] could not read dos header from C:\WINDOWS\System32\combase.dll
[1121/191741.389:ERROR:process_memory_win.cc(73)] ReadMemory at 0x7ffc15a40000 of 64 bytes failed: 仅完成部分的 ReadProcessMemory 或 WriteProcessMemory 请求。 (0x12B)
[1121/191741.389:WARNING:pe_image_reader.cc(340)] could not read dos header from C:\WINDOWS\System32\WS2_32.dll
[1121/191741.389:ERROR:process_memory_win.cc(73)] ReadMemory at 0x7ffc15170000 of 64 bytes failed: 仅完成部分的 ReadProcessMemory 或 WriteProcessMemory 请求。 (0x12B)
[1121/191741.389:WARNING:pe_image_reader.cc(340)] could not read dos header from C:\WINDOWS\System32\WINTRUST.dll
[1121/191741.389:ERROR:process_memory_win.cc(73)] ReadMemory at 0x7ffc14000000 of 64 bytes failed: 仅完成部分的 ReadProcessMemory 或 WriteProcessMemory 请求。 (0x12B)
[1121/191741.389:WARNING:pe_image_reader.cc(340)] could not read dos header from C:\WINDOWS\System32\MSASN1.dll
[1121/191741.389:ERROR:process_memory_win.cc(73)] ReadMemory at 0x7ffc14a30000 of 64 bytes failed: 仅完成部分的 ReadProcessMemory 或 WriteProcessMemory 请求。 (0x12B)
[1121/191741.389:WARNING:pe_image_reader.cc(340)] could not read dos header from C:\WINDOWS\System32\CRYPT32.dll
[1121/191741.389:ERROR:process_memory_win.cc(73)] ReadMemory at 0x7ffc13510000 of 64 bytes failed: 仅完成部分的 ReadProcessMemory 或 WriteProcessMemory 请求。 (0x12B)
[1121/191741.389:WARNING:pe_image_reader.cc(340)] could not read dos header from C:\WINDOWS\SYSTEM32\IPHLPAPI.DLL
[1121/191741.389:ERROR:process_memory_win.cc(73)] ReadMemory at 0x7ffc0b140000 of 64 bytes failed: 仅完成部分的 ReadProcessMemory 或 WriteProcessMemory 请求。 (0x12B)
[1121/191741.389:WARNING:pe_image_reader.cc(340)] could not read dos header from C:\WINDOWS\SYSTEM32\WINMM.dll
[1121/191741.389:ERROR:process_memory_win.cc(73)] ReadMemory at 0x7ffc13f10000 of 64 bytes failed: 仅完成部分的 ReadProcessMemory 或 WriteProcessMemory 请求。 (0x12B)
[1121/191741.389:WARNING:pe_image_reader.cc(340)] could not read dos header from C:\WINDOWS\SYSTEM32\USERENV.dll
[1121/191741.389:ERROR:process_memory_win.cc(73)] ReadMemory at 0x7ffc14040000 of 64 bytes failed: 仅完成部分的 ReadProcessMemory 或 WriteProcessMemory 请求。 (0x12B)
[1121/191741.389:WARNING:pe_image_reader.cc(340)] could not read dos header from C:\WINDOWS\System32\profapi.dll
[1121/191741.389:ERROR:process_memory_win.cc(73)] ReadMemory at 0x7ffbfefe0000 of 64 bytes failed: 仅完成部分的 ReadProcessMemory 或 WriteProcessMemory 请求。 (0x12B)
[1121/191741.389:WARNING:pe_image_reader.cc(340)] could not read dos header from C:\WINDOWS\SYSTEM32\DWrite.dll
[1121/191741.389:ERROR:process_memory_win.cc(73)] ReadMemory at 0x7ffc020a0000 of 64 bytes failed: 仅完成部分的 ReadProcessMemory 或 WriteProcessMemory 请求。 (0x12B)
[1121/191741.389:WARNING:pe_image_reader.cc(340)] could not read dos header from C:\WINDOWS\SYSTEM32\WINSPOOL.DRV
[1121/191741.389:ERROR:process_memory_win.cc(73)] ReadMemory at 0x7ffc14020000 of 64 bytes failed: 仅完成部分的 ReadProcessMemory 或 WriteProcessMemory 请求。 (0x12B)
[1121/191741.389:WARNING:pe_image_reader.cc(340)] could not read dos header from C:\WINDOWS\System32\kernel.appcore.dll
[1121/191741.389:ERROR:process_memory_win.cc(73)] ReadMemory at 0x7ffc15140000 of 64 bytes failed: 仅完成部分的 ReadProcessMemory 或 WriteProcessMemory 请求。 (0x12B)
[1121/191741.389:WARNING:pe_image_reader.cc(340)] could not read dos header from C:\WINDOWS\System32\bcrypt.dll
[1121/191741.389:ERROR:process_memory_win.cc(73)] ReadMemory at 0x7ffc12930000 of 64 bytes failed: 仅完成部分的 ReadProcessMemory 或 WriteProcessMemory 请求。 (0x12B)
[1121/191741.390:WARNING:pe_image_reader.cc(340)] could not read dos header from C:\WINDOWS\SYSTEM32\dbghelp.dll
[1121/191741.390:ERROR:process_memory_win.cc(73)] ReadMemory at 0x7ffc02e60000 of 64 bytes failed: 仅完成部分的 ReadProcessMemory 或 WriteProcessMemory 请求。 (0x12B)
[1121/191741.390:WARNING:pe_image_reader.cc(340)] could not read dos header from C:\WINDOWS\SYSTEM32\Secur32.dll
[1121/191741.390:ERROR:process_memory_win.cc(73)] ReadMemory at 0x7ffc0a440000 of 64 bytes failed: 仅完成部分的 ReadProcessMemory 或 WriteProcessMemory 请求。 (0x12B)
[1121/191741.390:WARNING:pe_image_reader.cc(340)] could not read dos header from C:\WINDOWS\SYSTEM32\WINHTTP.dll
[1121/191741.390:ERROR:process_memory_win.cc(73)] ReadMemory at 0x7ffc0e020000 of 64 bytes failed: 仅完成部分的 ReadProcessMemory 或 WriteProcessMemory 请求。 (0x12B)
[1121/191741.390:WARNING:pe_image_reader.cc(340)] could not read dos header from C:\WINDOWS\SYSTEM32\dhcpcsvc.DLL
[1121/191741.390:ERROR:process_memory_win.cc(73)] ReadMemory at 0x7ffc15520000 of 64 bytes failed: 仅完成部分的 ReadProcessMemory 或 WriteProcessMemory 请求。 (0x12B)
[1121/191741.390:WARNING:pe_image_reader.cc(340)] could not read dos header from C:\WINDOWS\System32\NSI.dll
[1121/191741.390:ERROR:process_memory_win.cc(73)] ReadMemory at 0x7ffc0b180000 of 64 bytes failed: 仅完成部分的 ReadProcessMemory 或 WriteProcessMemory 请求。 (0x12B)
[1121/191741.390:WARNING:pe_image_reader.cc(340)] could not read dos header from C:\WINDOWS\SYSTEM32\WINMMBASE.dll
[1121/191741.390:ERROR:process_memory_win.cc(73)] ReadMemory at 0x7ffc149e0000 of 64 bytes failed: 仅完成部分的 ReadProcessMemory 或 WriteProcessMemory 请求。 (0x12B)
[1121/191741.390:WARNING:pe_image_reader.cc(340)] could not read dos header from C:\WINDOWS\System32\cfgmgr32.dll
[1121/191741.390:ERROR:process_memory_win.cc(73)] ReadMemory at 0x7ffc11f20000 of 64 bytes failed: 仅完成部分的 ReadProcessMemory 或 WriteProcessMemory 请求。 (0x12B)
[1121/191741.390:WARNING:pe_image_reader.cc(340)] could not read dos header from C:\WINDOWS\SYSTEM32\PROPSYS.dll
[1121/191741.390:ERROR:process_memory_win.cc(73)] ReadMemory at 0x7ffc16770000 of 64 bytes failed: 仅完成部分的 ReadProcessMemory 或 WriteProcessMemory 请求。 (0x12B)
[1121/191741.390:WARNING:pe_image_reader.cc(340)] could not read dos header from C:\WINDOWS\System32\shcore.dll
[1121/191741.390:ERROR:process_memory_win.cc(73)] ReadMemory at 0x7ffc13ee0000 of 64 bytes failed: 仅完成部分的 ReadProcessMemory 或 WriteProcessMemory 请求。 (0x12B)
[1121/191741.390:WARNING:pe_image_reader.cc(340)] could not read dos header from C:\WINDOWS\SYSTEM32\SSPICLI.DLL
[1121/191741.390:ERROR:process_memory_win.cc(73)] ReadMemory at 0x7ffc139d0000 of 64 bytes failed: 仅完成部分的 ReadProcessMemory 或 WriteProcessMemory 请求。 (0x12B)
[1121/191741.390:WARNING:pe_image_reader.cc(340)] could not read dos header from C:\WINDOWS\SYSTEM32\CRYPTBASE.DLL
[1121/191741.449:ERROR:process_memory_win.cc(73)] ReadMemory at 0xbb14bf1000 of 61440 bytes failed: 仅完成部分的 ReadProcessMemory 或 WriteProcessMemory 请求。 (0x12B)
[1121/191741.450:ERROR:process_memory_win.cc(73)] ReadMemory at 0xbb153fd000 of 12288 bytes failed: 仅完成部分的 ReadProcessMemory 或 WriteProcessMemory 请求。 (0x12B)
[1121/191741.450:ERROR:process_memory_win.cc(73)] ReadMemory at 0xbb15bfa000 of 24576 bytes failed: 仅完成部分的 ReadProcessMemory 或 WriteProcessMemory 请求。 (0x12B)
[1121/191741.450:ERROR:process_memory_win.cc(73)] ReadMemory at 0xbb163fc000 of 16384 bytes failed: 仅完成部分的 ReadProcessMemory 或 WriteProcessMemory 请求。 (0x12B)
[1121/191741.450:ERROR:process_memory_win.cc(73)] ReadMemory at 0xbb16bfb000 of 20480 bytes failed: 仅完成部分的 ReadProcessMemory 或 WriteProcessMemory 请求。 (0x12B)
[1121/191741.450:ERROR:process_memory_win.cc(73)] ReadMemory at 0xbb173fe000 of 8192 bytes failed: 仅完成部分的 ReadProcessMemory 或 WriteProcessMemory 请求。 (0x12B)
[1121/191741.450:ERROR:process_memory_win.cc(73)] ReadMemory at 0xbb17bfd000 of 12288 bytes failed: 仅完成部分的 ReadProcessMemory 或 WriteProcessMemory 请求。 (0x12B)
[1121/191741.450:ERROR:process_memory_win.cc(73)] ReadMemory at 0xbb183fb000 of 20480 bytes failed: 仅完成部分的 ReadProcessMemory 或 WriteProcessMemory 请求。 (0x12B)
[1121/191741.450:ERROR:process_memory_win.cc(73)] ReadMemory at 0xbb18bf5000 of 45056 bytes failed: 仅完成部分的 ReadProcessMemory 或 WriteProcessMemory 请求。 (0x12B)
[1121/191741.451:ERROR:process_memory_win.cc(73)] ReadMemory at 0xbb193f8000 of 32768 bytes failed: 仅完成部分的 ReadProcessMemory 或 WriteProcessMemory 请求。 (0x12B)
[1121/191741.451:ERROR:process_memory_win.cc(73)] ReadMemory at 0xbb19bf9000 of 28672 bytes failed: 仅完成部分的 ReadProcessMemory 或 WriteProcessMemory 请求。 (0x12B)
[1121/191741.451:ERROR:process_memory_win.cc(73)] ReadMemory at 0xbb1a3fa000 of 24576 bytes failed: 仅完成部分的 ReadProcessMemory 或 WriteProcessMemory 请求。 (0x12B)
[1121/191741.452:ERROR:process_memory_win.cc(73)] ReadMemory at 0xbb1abfd000 of 12288 bytes failed: 仅完成部分的 ReadProcessMemory 或 WriteProcessMemory 请求。 (0x12B)
[1121/191741.452:ERROR:process_memory_win.cc(73)] ReadMemory at 0xbb1bbf4000 of 49152 bytes failed: 仅完成部分的 ReadProcessMemory 或 WriteProcessMemory 请求。 (0x12B)
[1121/191741.452:ERROR:process_memory_win.cc(73)] ReadMemory at 0xbb1c3fc000 of 16384 bytes failed: 仅完成部分的 ReadProcessMemory 或 WriteProcessMemory 请求。 (0x12B)
[1121/191741.452:ERROR:process_memory_win.cc(73)] ReadMemory at 0xbb1cbfc000 of 16384 bytes failed: 仅完成部分的 ReadProcessMemory 或 WriteProcessMemory 请求。 (0x12B)
[1121/191741.452:ERROR:process_memory_win.cc(73)] ReadMemory at 0xbb1d3fd000 of 12288 bytes failed: 仅完成部分的 ReadProcessMemory 或 WriteProcessMemory 请求。 (0x12B)
[1121/191741.452:ERROR:process_memory_win.cc(73)] ReadMemory at 0xbb1dbfc000 of 16384 bytes failed: 仅完成部分的 ReadProcessMemory 或 WriteProcessMemory 请求。 (0x12B)
[1121/191741.452:ERROR:process_memory_win.cc(73)] ReadMemory at 0xbb1e3fc000 of 16384 bytes failed: 仅完成部分的 ReadProcessMemory 或 WriteProcessMemory 请求。 (0x12B)
[1121/191741.452:ERROR:process_memory_win.cc(73)] ReadMemory at 0xbb1b3ff000 of 4096 bytes failed: 仅完成部分的 ReadProcessMemory 或 WriteProcessMemory 请求。 (0x12B)
[1121/191741.452:ERROR:process_memory_win.cc(73)] ReadMemory at 0xbb142f6000 of 852 bytes failed: 仅完成部分的 ReadProcessMemory 或 WriteProcessMemory 请求。 (0x12B)
[1121/191741.452:ERROR:process_memory_win.cc(73)] ReadMemory at 0xbb142f7000 of 6024 bytes failed: 仅完成部分的 ReadProcessMemory 或 WriteProcessMemory 请求。 (0x12B)
[1121/191741.452:ERROR:process_memory_win.cc(73)] ReadMemory at 0xbb142f9000 of 6024 bytes failed: 仅完成部分的 ReadProcessMemory 或 WriteProcessMemory 请求。 (0x12B)
[1121/191741.453:ERROR:process_memory_win.cc(73)] ReadMemory at 0xbb142fb000 of 6024 bytes failed: 仅完成部分的 ReadProcessMemory 或 WriteProcessMemory 请求。 (0x12B)
[1121/191741.453:ERROR:process_memory_win.cc(73)] ReadMemory at 0xbb142fd000 of 6024 bytes failed: 仅完成部分的 ReadProcessMemory 或 WriteProcessMemory 请求。 (0x12B)
[1121/191741.453:ERROR:process_memory_win.cc(73)] ReadMemory at 0xbb142ff000 of 6024 bytes failed: 仅完成部分的 ReadProcessMemory 或 WriteProcessMemory 请求。 (0x12B)
[1121/191741.453:ERROR:process_memory_win.cc(73)] ReadMemory at 0xbb14301000 of 6024 bytes failed: 仅完成部分的 ReadProcessMemory 或 WriteProcessMemory 请求。 (0x12B)
[1121/191741.453:ERROR:process_memory_win.cc(73)] ReadMemory at 0xbb14303000 of 6024 bytes failed: 仅完成部分的 ReadProcessMemory 或 WriteProcessMemory 请求。 (0x12B)
[1121/191741.453:ERROR:process_memory_win.cc(73)] ReadMemory at 0xbb14305000 of 6024 bytes failed: 仅完成部分的 ReadProcessMemory 或 WriteProcessMemory 请求。 (0x12B)
[1121/191741.453:ERROR:process_memory_win.cc(73)] ReadMemory at 0xbb14307000 of 6024 bytes failed: 仅完成部分的 ReadProcessMemory 或 WriteProcessMemory 请求。 (0x12B)
[1121/191741.453:ERROR:process_memory_win.cc(73)] ReadMemory at 0xbb14309000 of 6024 bytes failed: 仅完成部分的 ReadProcessMemory 或 WriteProcessMemory 请求。 (0x12B)
[1121/191741.453:ERROR:process_memory_win.cc(73)] ReadMemory at 0xbb1430b000 of 6024 bytes failed: 仅完成部分的 ReadProcessMemory 或 WriteProcessMemory 请求。 (0x12B)
[1121/191741.453:ERROR:process_memory_win.cc(73)] ReadMemory at 0xbb1430d000 of 6024 bytes failed: 仅完成部分的 ReadProcessMemory 或 WriteProcessMemory 请求。 (0x12B)
[1121/191741.453:ERROR:process_memory_win.cc(73)] ReadMemory at 0xbb1430f000 of 6024 bytes failed: 仅完成部分的 ReadProcessMemory 或 WriteProcessMemory 请求。 (0x12B)
[1121/191741.454:ERROR:process_memory_win.cc(73)] ReadMemory at 0xbb14313000 of 6024 bytes failed: 仅完成部分的 ReadProcessMemory 或 WriteProcessMemory 请求。 (0x12B)
[1121/191741.454:ERROR:process_memory_win.cc(73)] ReadMemory at 0xbb14315000 of 6024 bytes failed: 仅完成部分的 ReadProcessMemory 或 WriteProcessMemory 请求。 (0x12B)
[1121/191741.454:ERROR:process_memory_win.cc(73)] ReadMemory at 0xbb14317000 of 6024 bytes failed: 仅完成部分的 ReadProcessMemory 或 WriteProcessMemory 请求。 (0x12B)
[1121/191741.454:ERROR:process_memory_win.cc(73)] ReadMemory at 0xbb14319000 of 6024 bytes failed: 仅完成部分的 ReadProcessMemory 或 WriteProcessMemory 请求。 (0x12B)
[1121/191741.454:ERROR:process_memory_win.cc(73)] ReadMemory at 0xbb1431b000 of 6024 bytes failed: 仅完成部分的 ReadProcessMemory 或 WriteProcessMemory 请求。 (0x12B)
[1121/191741.454:ERROR:process_memory_win.cc(73)] ReadMemory at 0xbb1431d000 of 6024 bytes failed: 仅完成部分的 ReadProcessMemory 或 WriteProcessMemory 请求。 (0x12B)
[1121/191741.454:ERROR:process_memory_win.cc(73)] ReadMemory at 0xbb1431f000 of 6024 bytes failed: 仅完成部分的 ReadProcessMemory 或 WriteProcessMemory 请求。 (0x12B)
[1121/191741.545:ERROR:process_memory_win.cc(73)] ReadMemory at 0x26a3ed90fe0 of 15488 bytes failed: 仅完成部分的 ReadProcessMemory 或 WriteProcessMemory 请求。 (0x12B)
[1121/191741.545:ERROR:process_memory_win.cc(73)] ReadMemory at 0x26a3ed94c70 of 1012 bytes failed: 仅完成部分的 ReadProcessMemory 或 WriteProcessMemory 请求。 (0x12B)
[1121/191741.545:ERROR:process_memory_win.cc(73)] ReadMemory at 0x26a3ed952b8 of 118 bytes failed: 仅完成部分的 ReadProcessMemory 或 WriteProcessMemory 请求。 (0x12B)
[1121/191741.545:ERROR:process_memory_win.cc(73)] ReadMemory at 0x26a3ed95330 of 862 bytes failed: 仅完成部分的 ReadProcessMemory 或 WriteProcessMemory 请求。 (0x12B)
[1121/191741.545:ERROR:process_memory_win.cc(73)] ReadMemory at 0x26a3ed95690 of 118 bytes failed: 仅完成部分的 ReadProcessMemory 或 WriteProcessMemory 请求。 (0x12B)
[1121/191741.545:ERROR:process_memory_win.cc(73)] ReadMemory at 0x26a3ed95708 of 96 bytes failed: 仅完成部分的 ReadProcessMemory 或 WriteProcessMemory 请求。 (0x12B)
[1121/191741.545:ERROR:process_memory_win.cc(73)] ReadMemory at 0x26a3ed95780 of 58 bytes failed: 仅完成部分的 ReadProcessMemory 或 WriteProcessMemory 请求。 (0x12B)
[1121/191741.545:ERROR:process_memory_win.cc(73)] ReadMemory at 0x26a3ed95880 of 132 bytes failed: 仅完成部分的 ReadProcessMemory 或 WriteProcessMemory 请求。 (0x12B)
[1121/191741.545:ERROR:process_memory_win.cc(73)] ReadMemory at 0x26a3ed95a10 of 132 bytes failed: 仅完成部分的 ReadProcessMemory 或 WriteProcessMemory 请求。 (0x12B)
[1121/191741.545:ERROR:process_memory_win.cc(73)] ReadMemory at 0x26a3ed95bd0 of 124 bytes failed: 仅完成部分的 ReadProcessMemory 或 WriteProcessMemory 请求。 (0x12B)
[1121/191741.545:ERROR:process_memory_win.cc(73)] ReadMemory at 0x26a3ed95fb0 of 132 bytes failed: 仅完成部分的 ReadProcessMemory 或 WriteProcessMemory 请求。 (0x12B)
[1121/191741.545:ERROR:process_memory_win.cc(73)] ReadMemory at 0x26a3ed96140 of 64 bytes failed: 仅完成部分的 ReadProcessMemory 或 WriteProcessMemory 请求。 (0x12B)
[1121/191741.545:ERROR:process_memory_win.cc(73)] ReadMemory at 0x26a3ed96300 of 132 bytes failed: 仅完成部分的 ReadProcessMemory 或 WriteProcessMemory 请求。 (0x12B)
[1121/191741.546:ERROR:process_memory_win.cc(73)] ReadMemory at 0x26a3ed965a0 of 132 bytes failed: 仅完成部分的 ReadProcessMemory 或 WriteProcessMemory 请求。 (0x12B)
[1121/191741.546:ERROR:process_memory_win.cc(73)] ReadMemory at 0x26a3ed96730 of 68 bytes failed: 仅完成部分的 ReadProcessMemory 或 WriteProcessMemory 请求。 (0x12B)
[1121/191741.546:ERROR:process_memory_win.cc(73)] ReadMemory at 0x26a3ed976f0 of 156 bytes failed: 仅完成部分的 ReadProcessMemory 或 WriteProcessMemory 请求。 (0x12B)
[1121/191741.546:ERROR:process_memory_win.cc(73)] ReadMemory at 0x26a3ed977d0 of 132 bytes failed: 仅完成部分的 ReadProcessMemory 或 WriteProcessMemory 请求。 (0x12B)
[1121/191741.546:ERROR:process_memory_win.cc(73)] ReadMemory at 0x26a3ed97960 of 152 bytes failed: 仅完成部分的 ReadProcessMemory 或 WriteProcessMemory 请求。 (0x12B)
[1121/191741.546:ERROR:process_memory_win.cc(73)] ReadMemory at 0x26a3ed98530 of 132 bytes failed: 仅完成部分的 ReadProcessMemory 或 WriteProcessMemory 请求。 (0x12B)
[1121/191741.546:ERROR:process_memory_win.cc(73)] ReadMemory at 0x26a3ed98780 of 62 bytes failed: 仅完成部分的 ReadProcessMemory 或 WriteProcessMemory 请求。 (0x12B)
[1121/191741.546:ERROR:process_memory_win.cc(73)] ReadMemory at 0x26a3ed988e0 of 132 bytes failed: 仅完成部分的 ReadProcessMemory 或 WriteProcessMemory 请求。 (0x12B)
[1121/191741.546:ERROR:process_memory_win.cc(73)] ReadMemory at 0x26a3ed98a70 of 60 bytes failed: 仅完成部分的 ReadProcessMemory 或 WriteProcessMemory 请求。 (0x12B)
[1121/191741.546:ERROR:process_memory_win.cc(73)] ReadMemory at 0x26a3ed99bf0 of 132 bytes failed: 仅完成部分的 ReadProcessMemory 或 WriteProcessMemory 请求。 (0x12B)
[1121/191741.546:ERROR:process_memory_win.cc(73)] ReadMemory at 0x26a3ed99d20 of 132 bytes failed: 仅完成部分的 ReadProcessMemory 或 WriteProcessMemory 请求。 (0x12B)
[1121/191741.546:ERROR:process_memory_win.cc(73)] ReadMemory at 0x26a3ed9a000 of 132 bytes failed: 仅完成部分的 ReadProcessMemory 或 WriteProcessMemory 请求。 (0x12B)
[1121/191741.546:ERROR:process_memory_win.cc(73)] ReadMemory at 0x26a3ed9a3b0 of 132 bytes failed: 仅完成部分的 ReadProcessMemory 或 WriteProcessMemory 请求。 (0x12B)
[1121/191741.546:ERROR:process_memory_win.cc(73)] ReadMemory at 0x26a3ed9a6b0 of 132 bytes failed: 仅完成部分的 ReadProcessMemory 或 WriteProcessMemory 请求。 (0x12B)
[1121/191741.546:ERROR:process_memory_win.cc(73)] ReadMemory at 0x26a3ed9a840 of 80 bytes failed: 仅完成部分的 ReadProcessMemory 或 WriteProcessMemory 请求。 (0x12B)
[1121/191741.546:ERROR:process_memory_win.cc(73)] ReadMemory at 0x26a3ed9cef0 of 64 bytes failed: 仅完成部分的 ReadProcessMemory 或 WriteProcessMemory 请求。 (0x12B)
[1121/191741.546:ERROR:process_memory_win.cc(73)] ReadMemory at 0x26a3ed9cf40 of 60 bytes failed: 仅完成部分的 ReadProcessMemory 或 WriteProcessMemory 请求。 (0x12B)
[1121/191741.546:ERROR:process_memory_win.cc(73)] ReadMemory at 0x26a3ed9d0d0 of 62 bytes failed: 仅完成部分的 ReadProcessMemory 或 WriteProcessMemory 请求。 (0x12B)
[1121/191741.547:ERROR:process_memory_win.cc(73)] ReadMemory at 0x26a3ed9d260 of 64 bytes failed: 仅完成部分的 ReadProcessMemory 或 WriteProcessMemory 请求。 (0x12B)
[1121/191741.547:ERROR:process_memory_win.cc(73)] ReadMemory at 0x26a3ed9d2b0 of 66 bytes failed: 仅完成部分的 ReadProcessMemory 或 WriteProcessMemory 请求。 (0x12B)
[1121/191741.547:ERROR:process_memory_win.cc(73)] ReadMemory at 0x26a3ed9d350 of 62 bytes failed: 仅完成部分的 ReadProcessMemory 或 WriteProcessMemory 请求。 (0x12B)
[1121/191741.547:ERROR:process_memory_win.cc(73)] ReadMemory at 0x26a3ed9d3a0 of 60 bytes failed: 仅完成部分的 ReadProcessMemory 或 WriteProcessMemory 请求。 (0x12B)
[1121/191741.547:ERROR:process_memory_win.cc(73)] ReadMemory at 0x26a3ed9d3f0 of 64 bytes failed: 仅完成部分的 ReadProcessMemory 或 WriteProcessMemory 请求。 (0x12B)
[1121/191741.547:ERROR:process_memory_win.cc(73)] ReadMemory at 0x26a3ed9d4e0 of 64 bytes failed: 仅完成部分的 ReadProcessMemory 或 WriteProcessMemory 请求。 (0x12B)
[1121/191741.547:ERROR:process_memory_win.cc(73)] ReadMemory at 0x26a3ed9dbf0 of 60 bytes failed: 仅完成部分的 ReadProcessMemory 或 WriteProcessMemory 请求。 (0x12B)
[1121/191741.547:ERROR:process_memory_win.cc(73)] ReadMemory at 0x26a3ed9dc40 of 66 bytes failed: 仅完成部分的 ReadProcessMemory 或 WriteProcessMemory 请求。 (0x12B)
[1121/191741.547:ERROR:process_memory_win.cc(73)] ReadMemory at 0x26a3ed9dd30 of 62 bytes failed: 仅完成部分的 ReadProcessMemory 或 WriteProcessMemory 请求。 (0x12B)
[1121/191741.547:ERROR:process_memory_win.cc(73)] ReadMemory at 0x26a3ed9ddd0 of 60 bytes failed: 仅完成部分的 ReadProcessMemory 或 WriteProcessMemory 请求。 (0x12B)
[1121/191741.547:ERROR:process_memory_win.cc(73)] ReadMemory at 0x26a3ed9de20 of 62 bytes failed: 仅完成部分的 ReadProcessMemory 或 WriteProcessMemory 请求。 (0x12B)
[1121/191741.547:ERROR:process_memory_win.cc(73)] ReadMemory at 0x26a3ed9de70 of 62 bytes failed: 仅完成部分的 ReadProcessMemory 或 WriteProcessMemory 请求。 (0x12B)
[1121/191741.547:ERROR:process_memory_win.cc(73)] ReadMemory at 0x26a3ed9dec0 of 64 bytes failed: 仅完成部分的 ReadProcessMemory 或 WriteProcessMemory 请求。 (0x12B)
[1121/191741.547:ERROR:process_memory_win.cc(73)] ReadMemory at 0x26a3ed9df60 of 62 bytes failed: 仅完成部分的 ReadProcessMemory 或 WriteProcessMemory 请求。 (0x12B)
[1121/191741.547:ERROR:process_memory_win.cc(73)] ReadMemory at 0x26a3ed9dfb0 of 64 bytes failed: 仅完成部分的 ReadProcessMemory 或 WriteProcessMemory 请求。 (0x12B)
[1121/191741.547:ERROR:process_memory_win.cc(73)] ReadMemory at 0x26a3ed9e000 of 62 bytes failed: 仅完成部分的 ReadProcessMemory 或 WriteProcessMemory 请求。 (0x12B)
[1121/191741.547:ERROR:process_memory_win.cc(73)] ReadMemory at 0x26a3ed9e1e0 of 62 bytes failed: 仅完成部分的 ReadProcessMemory 或 WriteProcessMemory 请求。 (0x12B)
[1121/191741.547:ERROR:process_memory_win.cc(73)] ReadMemory at 0x26a3ed9e230 of 64 bytes failed: 仅完成部分的 ReadProcessMemory 或 WriteProcessMemory 请求。 (0x12B)
[1121/191741.547:ERROR:process_memory_win.cc(73)] ReadMemory at 0x26a3ed9e320 of 62 bytes failed: 仅完成部分的 ReadProcessMemory 或 WriteProcessMemory 请求。 (0x12B)
[1121/191741.548:ERROR:process_memory_win.cc(73)] ReadMemory at 0x26a3ed9e4b0 of 60 bytes failed: 仅完成部分的 ReadProcessMemory 或 WriteProcessMemory 请求。 (0x12B)
[1121/191741.548:ERROR:process_memory_win.cc(73)] ReadMemory at 0x26a3ed9e500 of 60 bytes failed: 仅完成部分的 ReadProcessMemory 或 WriteProcessMemory 请求。 (0x12B)
[1121/191741.548:ERROR:process_memory_win.cc(73)] ReadMemory at 0x26a3ed9e5f0 of 62 bytes failed: 仅完成部分的 ReadProcessMemory 或 WriteProcessMemory 请求。 (0x12B)
[1121/191741.548:ERROR:process_memory_win.cc(73)] ReadMemory at 0x26a3ed9e820 of 64 bytes failed: 仅完成部分的 ReadProcessMemory 或 WriteProcessMemory 请求。 (0x12B)
[1121/191741.548:ERROR:process_memory_win.cc(73)] ReadMemory at 0x26a3ed9e910 of 58 bytes failed: 仅完成部分的 ReadProcessMemory 或 WriteProcessMemory 请求。 (0x12B)
[1121/191741.548:ERROR:process_memory_win.cc(73)] ReadMemory at 0x26a3eda19d0 of 132 bytes failed: 仅完成部分的 ReadProcessMemory 或 WriteProcessMemory 请求。 (0x12B)
[1121/191741.548:ERROR:process_memory_win.cc(73)] ReadMemory at 0x26a3eda1b00 of 132 bytes failed: 仅完成部分的 ReadProcessMemory 或 WriteProcessMemory 请求。 (0x12B)
[1121/191741.548:ERROR:process_memory_win.cc(73)] ReadMemory at 0x26a3eda1c30 of 132 bytes failed: 仅完成部分的 ReadProcessMemory 或 WriteProcessMemory 请求。 (0x12B)
[1121/191741.548:ERROR:process_memory_win.cc(73)] ReadMemory at 0x26a3eda1d60 of 132 bytes failed: 仅完成部分的 ReadProcessMemory 或 WriteProcessMemory 请求。 (0x12B)
[1121/191741.548:ERROR:process_memory_win.cc(73)] ReadMemory at 0x26a3eda1e90 of 132 bytes failed: 仅完成部分的 ReadProcessMemory 或 WriteProcessMemory 请求。 (0x12B)
[1121/191741.548:ERROR:process_memory_win.cc(73)] ReadMemory at 0x26a3eda1fc0 of 132 bytes failed: 仅完成部分的 ReadProcessMemory 或 WriteProcessMemory 请求。 (0x12B)
[1121/191741.548:ERROR:process_memory_win.cc(73)] ReadMemory at 0x26a3eda20f0 of 132 bytes failed: 仅完成部分的 ReadProcessMemory 或 WriteProcessMemory 请求。 (0x12B)
[1121/191741.548:ERROR:process_memory_win.cc(73)] ReadMemory at 0x26a3eda2220 of 132 bytes failed: 仅完成部分的 ReadProcessMemory 或 WriteProcessMemory 请求。 (0x12B)
[1121/191741.548:ERROR:process_memory_win.cc(73)] ReadMemory at 0x26a3eda2350 of 132 bytes failed: 仅完成部分的 ReadProcessMemory 或 WriteProcessMemory 请求。 (0x12B)
[1121/191741.548:ERROR:process_memory_win.cc(73)] ReadMemory at 0x26a3eda2480 of 132 bytes failed: 仅完成部分的 ReadProcessMemory 或 WriteProcessMemory 请求。 (0x12B)
[1121/191741.548:ERROR:process_memory_win.cc(73)] ReadMemory at 0x26a3eda25b0 of 132 bytes failed: 仅完成部分的 ReadProcessMemory 或 WriteProcessMemory 请求。 (0x12B)
[1121/191741.548:ERROR:process_memory_win.cc(73)] ReadMemory at 0x26a3eda26e0 of 132 bytes failed: 仅完成部分的 ReadProcessMemory 或 WriteProcessMemory 请求。 (0x12B)
[1121/191741.548:ERROR:process_memory_win.cc(73)] ReadMemory at 0x26a3eda2910 of 512 bytes failed: 仅完成部分的 ReadProcessMemory 或 WriteProcessMemory 请求。 (0x12B)
[1121/191741.548:ERROR:process_memory_win.cc(73)] ReadMemory at 0x26a3eda35d0 of 132 bytes failed: 仅完成部分的 ReadProcessMemory 或 WriteProcessMemory 请求。 (0x12B)
[1121/191741.548:ERROR:process_memory_win.cc(73)] ReadMemory at 0x26a3eda3700 of 132 bytes failed: 仅完成部分的 ReadProcessMemory 或 WriteProcessMemory 请求。 (0x12B)
[1121/191741.548:ERROR:process_memory_win.cc(73)] ReadMemory at 0x26a3eda4ee0 of 76 bytes failed: 仅完成部分的 ReadProcessMemory 或 WriteProcessMemory 请求。 (0x12B)
[1121/191741.548:ERROR:process_memory_win.cc(73)] ReadMemory at 0x26a3eda6e90 of 132 bytes failed: 仅完成部分的 ReadProcessMemory 或 WriteProcessMemory 请求。 (0x12B)
[1121/191741.548:ERROR:process_memory_win.cc(73)] ReadMemory at 0x26a3eda71e0 of 132 bytes failed: 仅完成部分的 ReadProcessMemory 或 WriteProcessMemory 请求。 (0x12B)
[1121/191741.548:ERROR:process_memory_win.cc(73)] ReadMemory at 0x26a3eda9b30 of 54 bytes failed: 仅完成部分的 ReadProcessMemory 或 WriteProcessMemory 请求。 (0x12B)
[1121/191741.548:ERROR:process_memory_win.cc(73)] ReadMemory at 0x26a3edaae40 of 132 bytes failed: 仅完成部分的 ReadProcessMemory 或 WriteProcessMemory 请求。 (0x12B)
[1121/191741.548:ERROR:process_memory_win.cc(73)] ReadMemory at 0x26a3edab1d0 of 132 bytes failed: 仅完成部分的 ReadProcessMemory 或 WriteProcessMemory 请求。 (0x12B)
[1121/191741.549:ERROR:process_memory_win.cc(73)] ReadMemory at 0x26a3edab300 of 132 bytes failed: 仅完成部分的 ReadProcessMemory 或 WriteProcessMemory 请求。 (0x12B)
[1121/191741.549:ERROR:process_memory_win.cc(73)] ReadMemory at 0x26a3edab430 of 132 bytes failed: 仅完成部分的 ReadProcessMemory 或 WriteProcessMemory 请求。 (0x12B)
[1121/191741.549:ERROR:process_memory_win.cc(73)] ReadMemory at 0x26a3edab7c0 of 132 bytes failed: 仅完成部分的 ReadProcessMemory 或 WriteProcessMemory 请求。 (0x12B)
[1121/191741.549:ERROR:process_memory_win.cc(73)] ReadMemory at 0x26a3edab8f0 of 132 bytes failed: 仅完成部分的 ReadProcessMemory 或 WriteProcessMemory 请求。 (0x12B)
[1121/191741.549:ERROR:process_memory_win.cc(73)] ReadMemory at 0x26a3edabb50 of 132 bytes failed: 仅完成部分的 ReadProcessMemory 或 WriteProcessMemory 请求。 (0x12B)
[1121/191741.549:ERROR:process_memory_win.cc(73)] ReadMemory at 0x26a3edabdb0 of 132 bytes failed: 仅完成部分的 ReadProcessMemory 或 WriteProcessMemory 请求。 (0x12B)
[1121/191741.549:ERROR:process_memory_win.cc(73)] ReadMemory at 0x26a3edac3a0 of 132 bytes failed: 仅完成部分的 ReadProcessMemory 或 WriteProcessMemory 请求。 (0x12B)
[1121/191741.549:ERROR:process_memory_win.cc(73)] ReadMemory at 0x26a3edad210 of 512 bytes failed: 仅完成部分的 ReadProcessMemory 或 WriteProcessMemory 请求。 (0x12B)
[1121/191741.549:ERROR:process_memory_win.cc(73)] ReadMemory at 0x26a3edad630 of 944 bytes failed: 仅完成部分的 ReadProcessMemory 或 WriteProcessMemory 请求。 (0x12B)
[1121/191741.549:ERROR:process_memory_win.cc(73)] ReadMemory at 0x26a3f101180 of 512 bytes failed: 仅完成部分的 ReadProcessMemory 或 WriteProcessMemory 请求。 (0x12B)
[1121/191741.549:ERROR:process_memory_win.cc(73)] ReadMemory at 0x26a3f617040 of 512 bytes failed: 仅完成部分的 ReadProcessMemory 或 WriteProcessMemory 请求。 (0x12B)
[1121/191741.549:ERROR:process_memory_win.cc(73)] ReadMemory at 0x26a3f626f28 of 512 bytes failed: 仅完成部分的 ReadProcessMemory 或 WriteProcessMemory 请求。 (0x12B)
[1121/191741.549:ERROR:process_memory_win.cc(73)] ReadMemory at 0x26a3f628e90 of 512 bytes failed: 仅完成部分的 ReadProcessMemory 或 WriteProcessMemory 请求。 (0x12B)
[1121/191741.549:ERROR:process_memory_win.cc(73)] ReadMemory at 0x26a3f62b260 of 512 bytes failed: 仅完成部分的 ReadProcessMemory 或 WriteProcessMemory 请求。 (0x12B)
[1121/191741.549:ERROR:process_memory_win.cc(73)] ReadMemory at 0x26a3f64d520 of 712 bytes failed: 仅完成部分的 ReadProcessMemory 或 WriteProcessMemory 请求。 (0x12B)
[1121/191741.549:ERROR:process_memory_win.cc(73)] ReadMemory at 0x26a3f667f50 of 512 bytes failed: 仅完成部分的 ReadProcessMemory 或 WriteProcessMemory 请求。 (0x12B)
[1121/191741.549:ERROR:process_memory_win.cc(73)] ReadMemory at 0x26a3f668ec8 of 512 bytes failed: 仅完成部分的 ReadProcessMemory 或 WriteProcessMemory 请求。 (0x12B)
[1121/191741.549:ERROR:process_memory_win.cc(73)] ReadMemory at 0x26a3f7c8ac0 of 512 bytes failed: 仅完成部分的 ReadProcessMemory 或 WriteProcessMemory 请求。 (0x12B)
[1121/191741.549:ERROR:process_memory_win.cc(73)] ReadMemory at 0x26a414db7b8 of 512 bytes failed: 仅完成部分的 ReadProcessMemory 或 WriteProcessMemory 请求。 (0x12B)
[1121/191741.549:ERROR:process_memory_win.cc(73)] ReadMemory at 0x26a414dd7c8 of 512 bytes failed: 仅完成部分的 ReadProcessMemory 或 WriteProcessMemory 请求。 (0x12B)
[1121/191741.549:ERROR:process_memory_win.cc(73)] ReadMemory at 0x26a414de818 of 944 bytes failed: 仅完成部分的 ReadProcessMemory 或 WriteProcessMemory 请求。 (0x12B)
[1121/191741.549:ERROR:process_memory_win.cc(73)] ReadMemory at 0x26a414dec08 of 512 bytes failed: 仅完成部分的 ReadProcessMemory 或 WriteProcessMemory 请求。 (0x12B)
[1121/191741.549:ERROR:process_memory_win.cc(73)] ReadMemory at 0x26a41579f50 of 512 bytes failed: 仅完成部分的 ReadProcessMemory 或 WriteProcessMemory 请求。 (0x12B)
[1121/191741.550:ERROR:process_memory_win.cc(73)] ReadMemory at 0x26a4157f650 of 512 bytes failed: 仅完成部分的 ReadProcessMemory 或 WriteProcessMemory 请求。 (0x12B)
[1121/191741.550:ERROR:process_memory_win.cc(73)] ReadMemory at 0x26a4158a540 of 512 bytes failed: 仅完成部分的 ReadProcessMemory 或 WriteProcessMemory 请求。 (0x12B)
[1121/191741.550:ERROR:process_memory_win.cc(73)] ReadMemory at 0x26a4159ee20 of 512 bytes failed: 仅完成部分的 ReadProcessMemory 或 WriteProcessMemory 请求。 (0x12B)
[1121/191741.550:ERROR:process_memory_win.cc(73)] ReadMemory at 0x26a41b80270 of 896 bytes failed: 仅完成部分的 ReadProcessMemory 或 WriteProcessMemory 请求。 (0x12B)
[1121/191741.550:ERROR:process_memory_win.cc(73)] ReadMemory at 0x26a41b80870 of 512 bytes failed: 仅完成部分的 ReadProcessMemory 或 WriteProcessMemory 请求。 (0x12B)
[1121/191741.550:ERROR:process_memory_win.cc(73)] ReadMemory at 0x26a41b80b70 of 512 bytes failed: 仅完成部分的 ReadProcessMemory 或 WriteProcessMemory 请求。 (0x12B)
[1121/191741.550:ERROR:process_memory_win.cc(73)] ReadMemory at 0x26a475f4f80 of 512 bytes failed: 仅完成部分的 ReadProcessMemory 或 WriteProcessMemory 请求。 (0x12B)
[1121/191741.550:ERROR:process_memory_win.cc(73)] ReadMemory at 0x305847100000 of 384 bytes failed: 仅完成部分的 ReadProcessMemory 或 WriteProcessMemory 请求。 (0x12B)
[1121/191741.550:ERROR:process_memory_win.cc(73)] ReadMemory at 0x3ec04f3af8d0 of 512 bytes failed: 仅完成部分的 ReadProcessMemory 或 WriteProcessMemory 请求。 (0x12B)
[1121/191741.550:ERROR:process_memory_win.cc(73)] ReadMemory at 0x4823c3efe118 of 512 bytes failed: 仅完成部分的 ReadProcessMemory 或 WriteProcessMemory 请求。 (0x12B)
[1121/191741.550:ERROR:process_memory_win.cc(73)] ReadMemory at 0x5f9ae5644188 of 512 bytes failed: 仅完成部分的 ReadProcessMemory 或 WriteProcessMemory 请求。 (0x12B)
[1121/191741.550:ERROR:process_memory_win.cc(73)] ReadMemory at 0x5f9af8bf2760 of 512 bytes failed: 仅完成部分的 ReadProcessMemory 或 WriteProcessMemory 请求。 (0x12B)
[1121/191741.550:ERROR:process_memory_win.cc(73)] ReadMemory at 0x7ffbcc0d3aa0 of 512 bytes failed: 仅完成部分的 ReadProcessMemory 或 WriteProcessMemory 请求。 (0x12B)
[1121/191741.593:ERROR:process_memory_win.cc(73)] ReadMemory at 0x7ffbcd135027 of 512 bytes failed: 仅完成部分的 ReadProcessMemory 或 WriteProcessMemory 请求。 (0x12B)
[1121/191741.594:ERROR:process_memory_win.cc(73)] ReadMemory at 0x7ffbcff8db50 of 512 bytes failed: 仅完成部分的 ReadProcessMemory 或 WriteProcessMemory 请求。 (0x12B)
[1121/191741.594:ERROR:process_memory_win.cc(73)] ReadMemory at 0x7ffbf08a7dc5 of 512 bytes failed: 仅完成部分的 ReadProcessMemory 或 WriteProcessMemory 请求。 (0x12B)
[1121/191741.594:ERROR:process_memory_win.cc(73)] ReadMemory at 0x7ffbf08a85be of 512 bytes failed: 仅完成部分的 ReadProcessMemory 或 WriteProcessMemory 请求。 (0x12B)
[1121/191741.594:ERROR:process_memory_win.cc(73)] ReadMemory at 0x7ffc171bc0c4 of 672 bytes failed: 仅完成部分的 ReadProcessMemory 或 WriteProcessMemory 请求。 (0x12B)
[1121/191741.594:ERROR:process_memory_win.cc(73)] ReadMemory at 0x7ffc171bf974 of 608 bytes failed: 仅完成部分的 ReadProcessMemory 或 WriteProcessMemory 请求。 (0x12B)
[1121/191741.594:ERROR:process_memory_win.cc(73)] ReadMemory at 0x7ffc1724c428 of 18 bytes failed: 仅完成部分的 ReadProcessMemory 或 WriteProcessMemory 请求。 (0x12B)
[1121/191741.594:ERROR:process_memory_win.cc(73)] ReadMemory at 0x7ffc1727f4f8 of 40 bytes failed: 仅完成部分的 ReadProcessMemory 或 WriteProcessMemory 请求。 (0x12B)
[1121/191741.594:ERROR:process_memory_win.cc(73)] ReadMemory at 0x7ffc1727f978 of 48 bytes failed: 仅完成部分的 ReadProcessMemory 或 WriteProcessMemory 请求。 (0x12B)
[1121/191741.594:ERROR:process_memory_win.cc(73)] ReadMemory at 0x7ffc172853c0 of 64 bytes failed: 仅完成部分的 ReadProcessMemory 或 WriteProcessMemory 请求。 (0x12B)
[1121/191741.597:ERROR:scoped_process_suspend.cc(40)] NtResumeProcess: 已尝试访问正在退出的过程。 (0xc000010a)
[1121/191823.977:ERROR:http_transport_win.cc(276)] WinHttpSendRequest: 操作成功完成。 (0x0)
